<?xml version="1.0" encoding="UTF-8"?>
<!-- Generated by org.testng.reporters.JUnitReportReporter -->
<testsuite skipped="0" hostname="psyfabriq-desktop" name="ru.podstavkov.TestContextAnnotation" tests="1" failures="0" timestamp="25 июн 2018 20:22:21 GMT" time="2.191" errors="0">
  <testcase name="test" time="2.191" classname="ru.podstavkov.TestContextAnnotation"/>
</testsuite> <!-- ru.podstavkov.TestContextAnnotation -->
