<?xml version="1.0" encoding="UTF-8"?>
<!-- Generated by org.testng.reporters.JUnitReportReporter -->
<testsuite skipped="0" hostname="psyfabriq-desktop" name="ru.podstavkov.test.TestContextAnnotation" tests="1" failures="0" timestamp="28 июн 2018 22:23:06 GMT" time="0.371" errors="0">
  <testcase name="test" time="0.371" classname="ru.podstavkov.test.TestContextAnnotation"/>
</testsuite> <!-- ru.podstavkov.test.TestContextAnnotation -->
