<?xml version="1.0" encoding="UTF-8"?>
<!-- Generated by org.testng.reporters.JUnitReportReporter -->
<testsuite skipped="0" hostname="psyfabriq-desktop" name="ru.podstavkov.spring1.TestContextXml" tests="1" failures="0" timestamp="01 Jun 2018 12:55:03 GMT" time="0.444" errors="0">
  <testcase name="test" time="0.444" classname="ru.podstavkov.spring1.TestContextXml"/>
</testsuite> <!-- ru.podstavkov.spring1.TestContextXml -->
